;  LST file generated by mikroListExporter - v.2.0 
; Date/Time: 5/31/2017 8:23:45 PM
;----------------------------------------------

;Address Opcode 	ASM
0x0000	0x29F0      	GOTO       496
_SETFUN32:
;__Lib_MathDouble.c,138 :: 		
;__Lib_MathDouble.c,145 :: 		
0x0003	0x157B      	BSF        R11, 2
;__Lib_MathDouble.c,146 :: 		
0x0004	0x1FFB      	BTFSS      R11, 7
;__Lib_MathDouble.c,147 :: 		
0x0005	0x280D      	GOTO       SETFUN32EEE
;__Lib_MathDouble.c,148 :: 		
0x0006	0x3001      	MOVLW      1
;__Lib_MathDouble.c,149 :: 		
0x0007	0x00F3      	MOVWF      R3
;__Lib_MathDouble.c,150 :: 		
0x0008	0x01F2      	CLRF       R2
;__Lib_MathDouble.c,151 :: 		
0x0009	0x01F1      	CLRF       R1
;__Lib_MathDouble.c,152 :: 		
0x000A	0x01F0      	CLRF       R0
;__Lib_MathDouble.c,153 :: 		
0x000B	0x0DFA      	RLF        R10, 1
;__Lib_MathDouble.c,154 :: 		
0x000C	0x0CF2      	RRF        R2, 1
;__Lib_MathDouble.c,155 :: 		
SETFUN32EEE:
;__Lib_MathDouble.c,156 :: 		
0x000D	0x30FF      	MOVLW      255
;__Lib_MathDouble.c,158 :: 		
L_end_SETFUN32:
0x000E	0x0008      	RETURN
; end of _SETFUN32
_RES032:
;__Lib_MathDouble.c,123 :: 		
;__Lib_MathDouble.c,128 :: 		
0x000F	0x01F2      	CLRF       R2
;__Lib_MathDouble.c,129 :: 		
0x0010	0x01F1      	CLRF       R1
;__Lib_MathDouble.c,130 :: 		
0x0011	0x01F0      	CLRF       R0
;__Lib_MathDouble.c,131 :: 		
0x0012	0x01F8      	CLRF       R8
;__Lib_MathDouble.c,132 :: 		
0x0013	0x01F3      	CLRF       R3
;__Lib_MathDouble.c,133 :: 		
0x0014	0x3000      	MOVLW      0
;__Lib_MathDouble.c,135 :: 		
L_end_RES032:
0x0015	0x0008      	RETURN
; end of _RES032
_SETFOV32:
;__Lib_MathDouble.c,79 :: 		
;__Lib_MathDouble.c,86 :: 		
0x0016	0x14FB      	BSF        R11, 1
;__Lib_MathDouble.c,87 :: 		
0x0017	0x1FFB      	BTFSS      R11, 7
;__Lib_MathDouble.c,88 :: 		
0x0018	0x2820      	GOTO       SETFOV32EEE
;__Lib_MathDouble.c,89 :: 		
0x0019	0x30FF      	MOVLW      255
;__Lib_MathDouble.c,90 :: 		
0x001A	0x00F3      	MOVWF      R3
;__Lib_MathDouble.c,91 :: 		
0x001B	0x00F2      	MOVWF      R2
;__Lib_MathDouble.c,92 :: 		
0x001C	0x00F1      	MOVWF      R1
;__Lib_MathDouble.c,93 :: 		
0x001D	0x00F0      	MOVWF      R0
;__Lib_MathDouble.c,94 :: 		
0x001E	0x0DFA      	RLF        R10, 1
;__Lib_MathDouble.c,95 :: 		
0x001F	0x0CF2      	RRF        R2, 1
;__Lib_MathDouble.c,96 :: 		
SETFOV32EEE:
;__Lib_MathDouble.c,97 :: 		
0x0020	0x30FF      	MOVLW      255
;__Lib_MathDouble.c,99 :: 		
L_end_SETFOV32:
0x0021	0x0008      	RETURN
; end of _SETFOV32
_FIXSIGN32:
;__Lib_MathDouble.c,112 :: 		
;__Lib_MathDouble.c,116 :: 		
0x0022	0x1FFA      	BTFSS      R10, 7
;__Lib_MathDouble.c,117 :: 		
0x0023	0x13F2      	BCF        R2, 7
;__Lib_MathDouble.c,118 :: 		
0x0024	0x3000      	MOVLW      0
;__Lib_MathDouble.c,120 :: 		
L_end_FIXSIGN32:
0x0025	0x0008      	RETURN
; end of _FIXSIGN32
_____DoICP:
;__Lib_System.c,6 :: 		
;__Lib_System.c,9 :: 		
0x0026	0x1283      	BCF        STATUS, 5
0x0027	0x1303      	BCF        STATUS, 6
0x0028	0x0822      	MOVF       ___DoICPAddr+1, 0
0x0029	0x008A      	MOVWF      PCLATH
;__Lib_System.c,10 :: 		
0x002A	0x0821      	MOVF       ___DoICPAddr, 0
0x002B	0x0082      	MOVWF      PCL
;__Lib_System.c,12 :: 		
L_end_____DoICP:
0x002C	0x0008      	RETURN
; end of _____DoICP
_NRM4032:
;__Lib_MathDouble.c,245 :: 		
;__Lib_MathDouble.c,252 :: 		
;__Lib_MathDouble.c,254 :: 		
0x002D	0x187C      	BTFSC      R12, 0
;__Lib_MathDouble.c,255 :: 		
0x002E	0x2863      	GOTO       NRMRND4032
;__Lib_MathDouble.c,256 :: 		
0x002F	0x18FC      	BTFSC      R12, 1
;__Lib_MathDouble.c,257 :: 		
0x0030	0x2834      	GOTO       NRM4032
;__Lib_MathDouble.c,258 :: 		
0x0031	0x197C      	BTFSC      R12, 2
;__Lib_MathDouble.c,259 :: 		
0x0032	0x2882      	GOTO       JMPSETFOV32
;__Lib_MathDouble.c,260 :: 		
0x0033	0x282D      	GOTO       $-6
;__Lib_MathDouble.c,261 :: 		
NRM4032:
;__Lib_MathDouble.c,262 :: 		
0x0034	0x01A0      	CLRF       __math_tempbD
;__Lib_MathDouble.c,263 :: 		
0x0035	0x0872      	MOVF       R2, 0
;__Lib_MathDouble.c,264 :: 		
0x0036	0x1D03      	BTFSS      STATUS, 2
;__Lib_MathDouble.c,265 :: 		
0x0037	0x2854      	GOTO       NORM4032
;__Lib_MathDouble.c,266 :: 		
0x0038	0x0871      	MOVF       R1, 0
;__Lib_MathDouble.c,267 :: 		
0x0039	0x00F2      	MOVWF      R2
;__Lib_MathDouble.c,268 :: 		
0x003A	0x0870      	MOVF       R0, 0
;__Lib_MathDouble.c,269 :: 		
0x003B	0x00F1      	MOVWF      R1
;__Lib_MathDouble.c,270 :: 		
0x003C	0x0878      	MOVF       R8, 0
;__Lib_MathDouble.c,271 :: 		
0x003D	0x00F0      	MOVWF      R0
;__Lib_MathDouble.c,272 :: 		
0x003E	0x01F8      	CLRF       R8
;__Lib_MathDouble.c,273 :: 		
0x003F	0x15A0      	BSF        __math_tempbD, 3
;__Lib_MathDouble.c,275 :: 		
0x0040	0x0872      	MOVF       R2, 0
;__Lib_MathDouble.c,276 :: 		
0x0041	0x1D03      	BTFSS      STATUS, 2
;__Lib_MathDouble.c,277 :: 		
0x0042	0x2854      	GOTO       NORM4032
;__Lib_MathDouble.c,278 :: 		
0x0043	0x0871      	MOVF       R1, 0
;__Lib_MathDouble.c,279 :: 		
0x0044	0x00F2      	MOVWF      R2
;__Lib_MathDouble.c,280 :: 		
0x0045	0x0870      	MOVF       R0, 0
;__Lib_MathDouble.c,281 :: 		
0x0046	0x00F1      	MOVWF      R1
;__Lib_MathDouble.c,282 :: 		
0x0047	0x01F0      	CLRF       R0
;__Lib_MathDouble.c,283 :: 		
0x0048	0x11A0      	BCF        __math_tempbD, 3
;__Lib_MathDouble.c,284 :: 		
0x0049	0x1620      	BSF        __math_tempbD, 4
;__Lib_MathDouble.c,286 :: 		
0x004A	0x0872      	MOVF       R2, 0
;__Lib_MathDouble.c,287 :: 		
0x004B	0x1D03      	BTFSS      STATUS, 2
;__Lib_MathDouble.c,288 :: 		
0x004C	0x2854      	GOTO       NORM4032
;__Lib_MathDouble.c,289 :: 		
0x004D	0x0871      	MOVF       R1, 0
;__Lib_MathDouble.c,290 :: 		
0x004E	0x00F2      	MOVWF      R2
;__Lib_MathDouble.c,291 :: 		
0x004F	0x01F1      	CLRF       R1
;__Lib_MathDouble.c,292 :: 		
0x0050	0x15A0      	BSF        __math_tempbD, 3
;__Lib_MathDouble.c,294 :: 		
0x0051	0x0872      	MOVF       R2, 0
;__Lib_MathDouble.c,295 :: 		
0x0052	0x1903      	BTFSC      STATUS, 2
;__Lib_MathDouble.c,296 :: 		
0x0053	0x2876      	GOTO       JMPRES032
;__Lib_MathDouble.c,297 :: 		
NORM4032:
;__Lib_MathDouble.c,298 :: 		
0x0054	0x0820      	MOVF       __math_tempbD, 0
;__Lib_MathDouble.c,299 :: 		
0x0055	0x02F3      	SUBWF      R3, 1
;__Lib_MathDouble.c,300 :: 		
0x0056	0x1D03      	BTFSS      STATUS, 2
;__Lib_MathDouble.c,301 :: 		
0x0057	0x1C03      	BTFSS      STATUS, 0
;__Lib_MathDouble.c,302 :: 		
0x0058	0x287A      	GOTO       JMPSETFUN32
;__Lib_MathDouble.c,303 :: 		
0x0059	0x1003      	BCF        STATUS, 0
;__Lib_MathDouble.c,304 :: 		
NORM4032A:
;__Lib_MathDouble.c,305 :: 		
0x005A	0x1BF2      	BTFSC      R2, 7
;__Lib_MathDouble.c,306 :: 		
0x005B	0x2863      	GOTO       NRMRND4032
;__Lib_MathDouble.c,307 :: 		
0x005C	0x0DF8      	RLF        R8, 1
;__Lib_MathDouble.c,308 :: 		
0x005D	0x0DF0      	RLF        R0, 1
;__Lib_MathDouble.c,309 :: 		
0x005E	0x0DF1      	RLF        R1, 1
;__Lib_MathDouble.c,310 :: 		
0x005F	0x0DF2      	RLF        R2, 1
;__Lib_MathDouble.c,311 :: 		
0x0060	0x0BF3      	DECFSZ     R3, 1
;__Lib_MathDouble.c,312 :: 		
0x0061	0x285A      	GOTO       NORM4032A
;__Lib_MathDouble.c,313 :: 		
0x0062	0x287A      	GOTO       JMPSETFUN32
;__Lib_MathDouble.c,314 :: 		
NRMRND4032:
;__Lib_MathDouble.c,315 :: 		
0x0063	0x1B7B      	BTFSC      R11, 6
;__Lib_MathDouble.c,316 :: 		
0x0064	0x1C70      	BTFSS      R0, 0
;__Lib_MathDouble.c,317 :: 		
0x0065	0x287E      	GOTO       JMPFIXSIGN32
;__Lib_MathDouble.c,318 :: 		
0x0066	0x1FF8      	BTFSS      R8, 7
;__Lib_MathDouble.c,319 :: 		
0x0067	0x287E      	GOTO       JMPFIXSIGN32
;__Lib_MathDouble.c,320 :: 		
0x0068	0x0AF0      	INCF       R0, 1
;__Lib_MathDouble.c,321 :: 		
0x0069	0x1903      	BTFSC      STATUS, 2
;__Lib_MathDouble.c,322 :: 		
0x006A	0x0AF1      	INCF       R1, 1
;__Lib_MathDouble.c,323 :: 		
0x006B	0x1903      	BTFSC      STATUS, 2
;__Lib_MathDouble.c,324 :: 		
0x006C	0x0AF2      	INCF       R2, 1
;__Lib_MathDouble.c,325 :: 		
0x006D	0x1D03      	BTFSS      STATUS, 2
;__Lib_MathDouble.c,326 :: 		
0x006E	0x287E      	GOTO       JMPFIXSIGN32
;__Lib_MathDouble.c,327 :: 		
0x006F	0x0CF2      	RRF        R2, 1
;__Lib_MathDouble.c,328 :: 		
0x0070	0x0CF1      	RRF        R1, 1
;__Lib_MathDouble.c,329 :: 		
0x0071	0x0CF0      	RRF        R0, 1
;__Lib_MathDouble.c,330 :: 		
0x0072	0x0AF3      	INCF       R3, 1
;__Lib_MathDouble.c,331 :: 		
0x0073	0x1903      	BTFSC      STATUS, 2
;__Lib_MathDouble.c,332 :: 		
0x0074	0x2882      	GOTO       JMPSETFOV32
;__Lib_MathDouble.c,333 :: 		
0x0075	0x287E      	GOTO       JMPFIXSIGN32
;__Lib_MathDouble.c,334 :: 		
JMPRES032:
;__Lib_MathDouble.c,335 :: 		
0x0076	0x3001      	MOVLW      1
;__Lib_MathDouble.c,336 :: 		
0x0077	0x00FC      	MOVWF      R12
;__Lib_MathDouble.c,338 :: 		
0x0078	0x200F      	CALL       _RES032
;__Lib_MathDouble.c,340 :: 		
0x0079	0x2885      	GOTO       NRM4032EEE
;__Lib_MathDouble.c,341 :: 		
JMPSETFUN32:
;__Lib_MathDouble.c,342 :: 		
0x007A	0x3002      	MOVLW      2
;__Lib_MathDouble.c,343 :: 		
0x007B	0x00FC      	MOVWF      R12
;__Lib_MathDouble.c,345 :: 		
0x007C	0x2003      	CALL       _SETFUN32
;__Lib_MathDouble.c,347 :: 		
0x007D	0x2885      	GOTO       NRM4032EEE
;__Lib_MathDouble.c,348 :: 		
JMPFIXSIGN32:
;__Lib_MathDouble.c,349 :: 		
0x007E	0x3004      	MOVLW      4
;__Lib_MathDouble.c,350 :: 		
0x007F	0x00FC      	MOVWF      R12
;__Lib_MathDouble.c,352 :: 		
0x0080	0x2022      	CALL       _FIXSIGN32
;__Lib_MathDouble.c,354 :: 		
0x0081	0x2885      	GOTO       NRM4032EEE
;__Lib_MathDouble.c,355 :: 		
JMPSETFOV32:
;__Lib_MathDouble.c,356 :: 		
0x0082	0x3008      	MOVLW      8
;__Lib_MathDouble.c,357 :: 		
0x0083	0x00FC      	MOVWF      R12
;__Lib_MathDouble.c,359 :: 		
0x0084	0x2016      	CALL       _SETFOV32
;__Lib_MathDouble.c,361 :: 		
NRM4032EEE:
;__Lib_MathDouble.c,362 :: 		
0x0085	0x0000      	NOP
;__Lib_MathDouble.c,370 :: 		
L_end_NRM4032:
0x0086	0x0008      	RETURN
; end of _NRM4032
_Delay_22us:
;__Lib_Delays.c,15 :: 		void Delay_22us() {
;__Lib_Delays.c,16 :: 		Delay_us(22);
0x0087	0x300E      	MOVLW      14
0x0088	0x1283      	BCF        STATUS, 5
0x0089	0x1303      	BCF        STATUS, 6
0x008A	0x00FD      	MOVWF      R13
L_Delay_22us1:
0x008B	0x0BFD      	DECFSZ     R13, 1
0x008C	0x288B      	GOTO       L_Delay_22us1
0x008D	0x0000      	NOP
;__Lib_Delays.c,17 :: 		}
L_end_Delay_22us:
0x008E	0x0008      	RETURN
; end of _Delay_22us
_NRM3232:
;__Lib_MathDouble.c,167 :: 		
;__Lib_MathDouble.c,173 :: 		
;__Lib_MathDouble.c,175 :: 		
0x008F	0x01A0      	CLRF       __math_tempbD
;__Lib_MathDouble.c,176 :: 		
0x0090	0x0872      	MOVF       R2, 0
;__Lib_MathDouble.c,177 :: 		
0x0091	0x1D03      	BTFSS      STATUS, 2
;__Lib_MathDouble.c,178 :: 		
0x0092	0x28A4      	GOTO       NORM3232
;__Lib_MathDouble.c,179 :: 		
0x0093	0x0871      	MOVF       R1, 0
;__Lib_MathDouble.c,180 :: 		
0x0094	0x00F2      	MOVWF      R2
;__Lib_MathDouble.c,181 :: 		
0x0095	0x0870      	MOVF       R0, 0
;__Lib_MathDouble.c,182 :: 		
0x0096	0x00F1      	MOVWF      R1
;__Lib_MathDouble.c,183 :: 		
0x0097	0x01F0      	CLRF       R0
;__Lib_MathDouble.c,184 :: 		
0x0098	0x15A0      	BSF        __math_tempbD, 3
;__Lib_MathDouble.c,186 :: 		
0x0099	0x0872      	MOVF       R2, 0
;__Lib_MathDouble.c,187 :: 		
0x009A	0x1D03      	BTFSS      STATUS, 2
;__Lib_MathDouble.c,188 :: 		
0x009B	0x28A4      	GOTO       NORM3232
;__Lib_MathDouble.c,189 :: 		
0x009C	0x0871      	MOVF       R1, 0
;__Lib_MathDouble.c,190 :: 		
0x009D	0x00F2      	MOVWF      R2
;__Lib_MathDouble.c,191 :: 		
0x009E	0x01F1      	CLRF       R1
;__Lib_MathDouble.c,192 :: 		
0x009F	0x11A0      	BCF        __math_tempbD, 3
;__Lib_MathDouble.c,193 :: 		
0x00A0	0x1620      	BSF        __math_tempbD, 4
;__Lib_MathDouble.c,195 :: 		
0x00A1	0x0872      	MOVF       R2, 0
;__Lib_MathDouble.c,196 :: 		
0x00A2	0x1903      	BTFSC      STATUS, 2
;__Lib_MathDouble.c,197 :: 		
0x00A3	0x28B2      	GOTO       JPNRES032
;__Lib_MathDouble.c,198 :: 		
NORM3232:
;__Lib_MathDouble.c,199 :: 		
0x00A4	0x0820      	MOVF       __math_tempbD, 0
;__Lib_MathDouble.c,200 :: 		
0x00A5	0x02F3      	SUBWF      R3, 1
;__Lib_MathDouble.c,201 :: 		
0x00A6	0x1D03      	BTFSS      STATUS, 2
;__Lib_MathDouble.c,202 :: 		
0x00A7	0x1C03      	BTFSS      STATUS, 0
;__Lib_MathDouble.c,203 :: 		
0x00A8	0x28B6      	GOTO       JPNSETFUN32
;__Lib_MathDouble.c,204 :: 		
0x00A9	0x1003      	BCF        STATUS, 0
;__Lib_MathDouble.c,205 :: 		
NORM3232A:
;__Lib_MathDouble.c,206 :: 		
0x00AA	0x1BF2      	BTFSC      R2, 7
;__Lib_MathDouble.c,207 :: 		
0x00AB	0x28BA      	GOTO       JMPNFIXSIGN32
;__Lib_MathDouble.c,208 :: 		
0x00AC	0x0DF0      	RLF        R0, 1
;__Lib_MathDouble.c,209 :: 		
0x00AD	0x0DF1      	RLF        R1, 1
;__Lib_MathDouble.c,210 :: 		
0x00AE	0x0DF2      	RLF        R2, 1
;__Lib_MathDouble.c,211 :: 		
0x00AF	0x0BF3      	DECFSZ     R3, 1
;__Lib_MathDouble.c,212 :: 		
0x00B0	0x28AA      	GOTO       NORM3232A
;__Lib_MathDouble.c,213 :: 		
0x00B1	0x28B6      	GOTO       JPNSETFUN32
;__Lib_MathDouble.c,214 :: 		
JPNRES032:
;__Lib_MathDouble.c,215 :: 		
0x00B2	0x3001      	MOVLW      1
;__Lib_MathDouble.c,216 :: 		
0x00B3	0x00FC      	MOVWF      R12
;__Lib_MathDouble.c,218 :: 		
0x00B4	0x200F      	CALL       _RES032
;__Lib_MathDouble.c,220 :: 		
0x00B5	0x28BD      	GOTO       NORM32EEE
;__Lib_MathDouble.c,221 :: 		
JPNSETFUN32:
;__Lib_MathDouble.c,222 :: 		
0x00B6	0x3002      	MOVLW      2
;__Lib_MathDouble.c,223 :: 		
0x00B7	0x00FC      	MOVWF      R12
;__Lib_MathDouble.c,225 :: 		
0x00B8	0x2003      	CALL       _SETFUN32
;__Lib_MathDouble.c,227 :: 		
0x00B9	0x28BD      	GOTO       NORM32EEE
;__Lib_MathDouble.c,228 :: 		
JMPNFIXSIGN32:
;__Lib_MathDouble.c,229 :: 		
0x00BA	0x3004      	MOVLW      4
;__Lib_MathDouble.c,230 :: 		
0x00BB	0x00FC      	MOVWF      R12
;__Lib_MathDouble.c,232 :: 		
0x00BC	0x2022      	CALL       _FIXSIGN32
;__Lib_MathDouble.c,234 :: 		
NORM32EEE:
;__Lib_MathDouble.c,236 :: 		
L_end_NRM3232:
0x00BD	0x0008      	RETURN
; end of _NRM3232
___CC2DW:
;__Lib_System.c,134 :: 		
;__Lib_System.c,137 :: 		
_CC2D_Loop1:
;__Lib_System.c,139 :: 		
0x00BE	0x2026      	CALL       _____DoICP
0x00BF	0x118A      	BCF        PCLATH, 3
0x00C0	0x120A      	BCF        PCLATH, 4
;__Lib_System.c,141 :: 		
0x00C1	0x0080      	MOVWF      INDF
;__Lib_System.c,142 :: 		
0x00C2	0x0A84      	INCF       FSR, 1
;__Lib_System.c,143 :: 		
0x00C3	0x0AA1      	INCF       ___DoICPAddr, 1
;__Lib_System.c,145 :: 		
0x00C4	0x1903      	BTFSC      STATUS, 2
;__Lib_System.c,146 :: 		
0x00C5	0x0AA2      	INCF       ___DoICPAddr+1, 1
;__Lib_System.c,147 :: 		
0x00C6	0x03F0      	DECF       R0, 1
;__Lib_System.c,149 :: 		
0x00C7	0x1D03      	BTFSS      STATUS, 2
;__Lib_System.c,150 :: 		
0x00C8	0x28BE      	GOTO       _CC2D_Loop1
;__Lib_System.c,152 :: 		
L_end___CC2DW:
0x00C9	0x0008      	RETURN
; end of ___CC2DW
_Add_32x32_FP:
;__Lib_MathDouble.c,379 :: 		
;__Lib_MathDouble.c,390 :: 		
;__Lib_MathDouble.c,392 :: 		
0x00CA	0x1283      	BCF        STATUS, 5
;__Lib_MathDouble.c,393 :: 		
0x00CB	0x1303      	BCF        STATUS, 6
;__Lib_MathDouble.c,394 :: 		
0x00CC	0x0872      	MOVF       R2, 0
;__Lib_MathDouble.c,395 :: 		
0x00CD	0x0676      	XORWF      R6, 0
;__Lib_MathDouble.c,396 :: 		
0x00CE	0x00A0      	MOVWF      __math_tempbD
;__Lib_MathDouble.c,398 :: 		
0x00CF	0x01F8      	CLRF       R8
;__Lib_MathDouble.c,399 :: 		
0x00D0	0x01F9      	CLRF       R9
;__Lib_MathDouble.c,401 :: 		
0x00D1	0x0873      	MOVF       R3, 0
;__Lib_MathDouble.c,402 :: 		
0x00D2	0x0277      	SUBWF      R7, 0
;__Lib_MathDouble.c,403 :: 		
0x00D3	0x1C03      	BTFSS      STATUS, 0
;__Lib_MathDouble.c,404 :: 		
0x00D4	0x28ED      	GOTO       USEA32
;__Lib_MathDouble.c,406 :: 		
0x00D5	0x0877      	MOVF       R7, 0
;__Lib_MathDouble.c,407 :: 		
0x00D6	0x00FD      	MOVWF      R13
;__Lib_MathDouble.c,408 :: 		
0x00D7	0x0873      	MOVF       R3, 0
;__Lib_MathDouble.c,409 :: 		
0x00D8	0x00F7      	MOVWF      R7
;__Lib_MathDouble.c,410 :: 		
0x00D9	0x087D      	MOVF       R13, 0
;__Lib_MathDouble.c,411 :: 		
0x00DA	0x00F3      	MOVWF      R3
;__Lib_MathDouble.c,413 :: 		
0x00DB	0x0876      	MOVF       R6, 0
;__Lib_MathDouble.c,414 :: 		
0x00DC	0x00FD      	MOVWF      R13
;__Lib_MathDouble.c,415 :: 		
0x00DD	0x0872      	MOVF       R2, 0
;__Lib_MathDouble.c,416 :: 		
0x00DE	0x00F6      	MOVWF      R6
;__Lib_MathDouble.c,417 :: 		
0x00DF	0x087D      	MOVF       R13, 0
;__Lib_MathDouble.c,418 :: 		
0x00E0	0x00F2      	MOVWF      R2
;__Lib_MathDouble.c,420 :: 		
0x00E1	0x0875      	MOVF       R5, 0
;__Lib_MathDouble.c,421 :: 		
0x00E2	0x00FD      	MOVWF      R13
;__Lib_MathDouble.c,422 :: 		
0x00E3	0x0871      	MOVF       R1, 0
;__Lib_MathDouble.c,423 :: 		
0x00E4	0x00F5      	MOVWF      R5
;__Lib_MathDouble.c,424 :: 		
0x00E5	0x087D      	MOVF       R13, 0
;__Lib_MathDouble.c,425 :: 		
0x00E6	0x00F1      	MOVWF      R1
;__Lib_MathDouble.c,427 :: 		
0x00E7	0x0874      	MOVF       R4, 0
;__Lib_MathDouble.c,428 :: 		
0x00E8	0x00FD      	MOVWF      R13
;__Lib_MathDouble.c,429 :: 		
0x00E9	0x0870      	MOVF       R0, 0
;__Lib_MathDouble.c,430 :: 		
0x00EA	0x00F4      	MOVWF      R4
;__Lib_MathDouble.c,431 :: 		
0x00EB	0x087D      	MOVF       R13, 0
;__Lib_MathDouble.c,432 :: 		
0x00EC	0x00F0      	MOVWF      R0
;__Lib_MathDouble.c,433 :: 		
USEA32:
;__Lib_MathDouble.c,434 :: 		
0x00ED	0x0877      	MOVF       R7, 0
;__Lib_MathDouble.c,435 :: 		
0x00EE	0x1903      	BTFSC      STATUS, 2
;__Lib_MathDouble.c,436 :: 		
0x00EF	0x2966      	GOTO       JMPEEE
;__Lib_MathDouble.c,437 :: 		
0x00F0	0x0872      	MOVF       R2, 0
;__Lib_MathDouble.c,438 :: 		
0x00F1	0x00FA      	MOVWF      R10
;__Lib_MathDouble.c,439 :: 		
0x00F2	0x17F2      	BSF        R2, 7
;__Lib_MathDouble.c,440 :: 		
0x00F3	0x17F6      	BSF        R6, 7
;__Lib_MathDouble.c,441 :: 		
0x00F4	0x0877      	MOVF       R7, 0
;__Lib_MathDouble.c,442 :: 		
0x00F5	0x0273      	SUBWF      R3, 0
;__Lib_MathDouble.c,443 :: 		
0x00F6	0x00F7      	MOVWF      R7
;__Lib_MathDouble.c,444 :: 		
0x00F7	0x1903      	BTFSC      STATUS, 2
;__Lib_MathDouble.c,445 :: 		
0x00F8	0x2920      	GOTO       ALIGNED32
;__Lib_MathDouble.c,446 :: 		
0x00F9	0x3008      	MOVLW      8
;__Lib_MathDouble.c,447 :: 		
0x00FA	0x0277      	SUBWF      R7, 0
;__Lib_MathDouble.c,448 :: 		
0x00FB	0x1C03      	BTFSS      STATUS, 0
;__Lib_MathDouble.c,449 :: 		
0x00FC	0x2916      	GOTO       ALIGNB32
;__Lib_MathDouble.c,450 :: 		
0x00FD	0x00F7      	MOVWF      R7
;__Lib_MathDouble.c,451 :: 		
0x00FE	0x0874      	MOVF       R4, 0
;__Lib_MathDouble.c,452 :: 		
0x00FF	0x00F9      	MOVWF      R9
;__Lib_MathDouble.c,453 :: 		
0x0100	0x0875      	MOVF       R5, 0
;__Lib_MathDouble.c,454 :: 		
0x0101	0x00F4      	MOVWF      R4
;__Lib_MathDouble.c,455 :: 		
0x0102	0x0876      	MOVF       R6, 0
;__Lib_MathDouble.c,456 :: 		
0x0103	0x00F5      	MOVWF      R5
;__Lib_MathDouble.c,457 :: 		
0x0104	0x01F6      	CLRF       R6
;__Lib_MathDouble.c,458 :: 		
0x0105	0x3008      	MOVLW      8
;__Lib_MathDouble.c,459 :: 		
0x0106	0x0277      	SUBWF      R7, 0
;__Lib_MathDouble.c,460 :: 		
0x0107	0x1C03      	BTFSS      STATUS, 0
;__Lib_MathDouble.c,461 :: 		
0x0108	0x2916      	GOTO       ALIGNB32
;__Lib_MathDouble.c,462 :: 		
0x0109	0x00F7      	MOVWF      R7
;__Lib_MathDouble.c,463 :: 		
0x010A	0x0874      	MOVF       R4, 0
;__Lib_MathDouble.c,464 :: 		
0x010B	0x00F9      	MOVWF      R9
;__Lib_MathDouble.c,465 :: 		
0x010C	0x0875      	MOVF       R5, 0
;__Lib_MathDouble.c,466 :: 		
0x010D	0x00F4      	MOVWF      R4
;__Lib_MathDouble.c,467 :: 		
0x010E	0x01F5      	CLRF       R5
;__Lib_MathDouble.c,468 :: 		
0x010F	0x3008      	MOVLW      8
;__Lib_MathDouble.c,469 :: 		
0x0110	0x0277      	SUBWF      R7, 0
;__Lib_MathDouble.c,470 :: 		
0x0111	0x1C03      	BTFSS      STATUS, 0
;__Lib_MathDouble.c,471 :: 		
0x0112	0x2916      	GOTO       ALIGNB32
;__Lib_MathDouble.c,472 :: 		
0x0113	0x087A      	MOVF       R10, 0
;__Lib_MathDouble.c,473 :: 		
0x0114	0x00F2      	MOVWF      R2
;__Lib_MathDouble.c,474 :: 		
0x0115	0x2966      	GOTO       JMPEEE
;__Lib_MathDouble.c,475 :: 		
ALIGNB32:
;__Lib_MathDouble.c,476 :: 		
0x0116	0x0877      	MOVF       R7, 0
;__Lib_MathDouble.c,477 :: 		
0x0117	0x1903      	BTFSC      STATUS, 2
;__Lib_MathDouble.c,478 :: 		
0x0118	0x2920      	GOTO       ALIGNED32
;__Lib_MathDouble.c,479 :: 		
ALOOPB32:
;__Lib_MathDouble.c,480 :: 		
0x0119	0x1003      	BCF        STATUS, 0
;__Lib_MathDouble.c,481 :: 		
0x011A	0x0CF6      	RRF        R6, 1
;__Lib_MathDouble.c,482 :: 		
0x011B	0x0CF5      	RRF        R5, 1
;__Lib_MathDouble.c,483 :: 		
0x011C	0x0CF4      	RRF        R4, 1
;__Lib_MathDouble.c,484 :: 		
0x011D	0x0CF9      	RRF        R9, 1
;__Lib_MathDouble.c,485 :: 		
0x011E	0x0BF7      	DECFSZ     R7, 1
;__Lib_MathDouble.c,486 :: 		
0x011F	0x2919      	GOTO       ALOOPB32
;__Lib_MathDouble.c,487 :: 		
ALIGNED32:
;__Lib_MathDouble.c,488 :: 		
0x0120	0x1FA0      	BTFSS      __math_tempbD, 7
;__Lib_MathDouble.c,489 :: 		
0x0121	0x292D      	GOTO       AOK32
;__Lib_MathDouble.c,490 :: 		
0x0122	0x09F9      	COMF       R9, 1
;__Lib_MathDouble.c,491 :: 		
0x0123	0x09F4      	COMF       R4, 1
;__Lib_MathDouble.c,492 :: 		
0x0124	0x09F5      	COMF       R5, 1
;__Lib_MathDouble.c,493 :: 		
0x0125	0x09F6      	COMF       R6, 1
;__Lib_MathDouble.c,494 :: 		
0x0126	0x0AF9      	INCF       R9, 1
;__Lib_MathDouble.c,495 :: 		
0x0127	0x1903      	BTFSC      STATUS, 2
;__Lib_MathDouble.c,496 :: 		
0x0128	0x0AF4      	INCF       R4, 1
;__Lib_MathDouble.c,497 :: 		
0x0129	0x1903      	BTFSC      STATUS, 2
;__Lib_MathDouble.c,498 :: 		
0x012A	0x0AF5      	INCF       R5, 1
;__Lib_MathDouble.c,499 :: 		
0x012B	0x1903      	BTFSC      STATUS, 2
;__Lib_MathDouble.c,500 :: 		
0x012C	0x0AF6      	INCF       R6, 1
;__Lib_MathDouble.c,501 :: 		
AOK32:
;__Lib_MathDouble.c,502 :: 		
0x012D	0x0879      	MOVF       R9, 0
;__Lib_MathDouble.c,503 :: 		
0x012E	0x07F8      	ADDWF      R8, 1
;__Lib_MathDouble.c,504 :: 		
0x012F	0x0874      	MOVF       R4, 0
;__Lib_MathDouble.c,505 :: 		
0x0130	0x1803      	BTFSC      STATUS, 0
;__Lib_MathDouble.c,506 :: 		
0x0131	0x0F74      	INCFSZ     R4, 0
;__Lib_MathDouble.c,507 :: 		
0x0132	0x07F0      	ADDWF      R0, 1
;__Lib_MathDouble.c,508 :: 		
0x0133	0x0875      	MOVF       R5, 0
;__Lib_MathDouble.c,509 :: 		
0x0134	0x1803      	BTFSC      STATUS, 0
;__Lib_MathDouble.c,510 :: 		
0x0135	0x0F75      	INCFSZ     R5, 0
;__Lib_MathDouble.c,511 :: 		
0x0136	0x07F1      	ADDWF      R1, 1
;__Lib_MathDouble.c,512 :: 		
0x0137	0x0876      	MOVF       R6, 0
;__Lib_MathDouble.c,513 :: 		
0x0138	0x1803      	BTFSC      STATUS, 0
;__Lib_MathDouble.c,514 :: 		
0x0139	0x0F76      	INCFSZ     R6, 0
;__Lib_MathDouble.c,515 :: 		
0x013A	0x07F2      	ADDWF      R2, 1
;__Lib_MathDouble.c,516 :: 		
0x013B	0x1BA0      	BTFSC      __math_tempbD, 7
;__Lib_MathDouble.c,517 :: 		
0x013C	0x2946      	GOTO       ACOMP32
;__Lib_MathDouble.c,518 :: 		
0x013D	0x1C03      	BTFSS      STATUS, 0
;__Lib_MathDouble.c,519 :: 		
0x013E	0x2956      	GOTO       JMPNRMRND4032
;__Lib_MathDouble.c,520 :: 		
0x013F	0x0CF2      	RRF        R2, 1
;__Lib_MathDouble.c,521 :: 		
0x0140	0x0CF1      	RRF        R1, 1
;__Lib_MathDouble.c,522 :: 		
0x0141	0x0CF0      	RRF        R0, 1
;__Lib_MathDouble.c,523 :: 		
0x0142	0x0CF8      	RRF        R8, 1
;__Lib_MathDouble.c,524 :: 		
0x0143	0x0FF3      	INCFSZ     R3, 1
;__Lib_MathDouble.c,525 :: 		
0x0144	0x2956      	GOTO       JMPNRMRND4032
;__Lib_MathDouble.c,526 :: 		
0x0145	0x2962      	GOTO       ADD_JMPSETFOV32
;__Lib_MathDouble.c,527 :: 		
ACOMP32:
;__Lib_MathDouble.c,528 :: 		
0x0146	0x1803      	BTFSC      STATUS, 0
;__Lib_MathDouble.c,529 :: 		
0x0147	0x295A      	GOTO       JMPNRM4032
;__Lib_MathDouble.c,530 :: 		
0x0148	0x09F8      	COMF       R8, 1
;__Lib_MathDouble.c,531 :: 		
0x0149	0x09F0      	COMF       R0, 1
;__Lib_MathDouble.c,532 :: 		
0x014A	0x09F1      	COMF       R1, 1
;__Lib_MathDouble.c,533 :: 		
0x014B	0x09F2      	COMF       R2, 1
;__Lib_MathDouble.c,534 :: 		
0x014C	0x0AF8      	INCF       R8, 1
;__Lib_MathDouble.c,535 :: 		
0x014D	0x1903      	BTFSC      STATUS, 2
;__Lib_MathDouble.c,536 :: 		
0x014E	0x0AF0      	INCF       R0, 1
;__Lib_MathDouble.c,537 :: 		
0x014F	0x1903      	BTFSC      STATUS, 2
;__Lib_MathDouble.c,538 :: 		
0x0150	0x0AF1      	INCF       R1, 1
;__Lib_MathDouble.c,539 :: 		
0x0151	0x1903      	BTFSC      STATUS, 2
;__Lib_MathDouble.c,540 :: 		
0x0152	0x0AF2      	INCF       R2, 1
;__Lib_MathDouble.c,541 :: 		
0x0153	0x3080      	MOVLW      128
;__Lib_MathDouble.c,542 :: 		
0x0154	0x06FA      	XORWF      R10, 1
;__Lib_MathDouble.c,543 :: 		
0x0155	0x295E      	GOTO       JMPNRM32
;__Lib_MathDouble.c,544 :: 		
JMPNRMRND4032:
;__Lib_MathDouble.c,545 :: 		
0x0156	0x3001      	MOVLW      1
;__Lib_MathDouble.c,546 :: 		
0x0157	0x00FC      	MOVWF      R12
;__Lib_MathDouble.c,548 :: 		
0x0158	0x202D      	CALL       _NRM4032
;__Lib_MathDouble.c,550 :: 		
0x0159	0x2968      	GOTO       ADD32EEE
;__Lib_MathDouble.c,551 :: 		
JMPNRM4032:
;__Lib_MathDouble.c,552 :: 		
0x015A	0x3002      	MOVLW      2
;__Lib_MathDouble.c,553 :: 		
0x015B	0x00FC      	MOVWF      R12
;__Lib_MathDouble.c,555 :: 		
0x015C	0x202D      	CALL       _NRM4032
;__Lib_MathDouble.c,557 :: 		
0x015D	0x2968      	GOTO       ADD32EEE
;__Lib_MathDouble.c,558 :: 		
JMPNRM32:
;__Lib_MathDouble.c,559 :: 		
0x015E	0x3004      	MOVLW      4
;__Lib_MathDouble.c,560 :: 		
0x015F	0x00FC      	MOVWF      R12
;__Lib_MathDouble.c,562 :: 		
0x0160	0x208F      	CALL       _NRM3232
;__Lib_MathDouble.c,564 :: 		
0x0161	0x2968      	GOTO       ADD32EEE
;__Lib_MathDouble.c,565 :: 		
ADD_JMPSETFOV32:
;__Lib_MathDouble.c,566 :: 		
0x0162	0x3008      	MOVLW      8
;__Lib_MathDouble.c,567 :: 		
0x0163	0x00FC      	MOVWF      R12
;__Lib_MathDouble.c,569 :: 		
0x0164	0x2016      	CALL       _SETFOV32
;__Lib_MathDouble.c,571 :: 		
0x0165	0x2968      	GOTO       ADD32EEE
;__Lib_MathDouble.c,572 :: 		
JMPEEE:
;__Lib_MathDouble.c,573 :: 		
0x0166	0x3000      	MOVLW      0
;__Lib_MathDouble.c,574 :: 		
0x0167	0x00FC      	MOVWF      R12
;__Lib_MathDouble.c,575 :: 		
ADD32EEE:
;__Lib_MathDouble.c,576 :: 		
0x0168	0x0000      	NOP
;__Lib_MathDouble.c,584 :: 		
L_end_Add_32x32_FP:
0x0169	0x0008      	RETURN
; end of _Add_32x32_FP
_ADC_Read:
;__Lib_ADC_A_C.c,45 :: 		
;__Lib_ADC_A_C.c,47 :: 		
0x016A	0x1283      	BCF        STATUS, 5
0x016B	0x1303      	BCF        STATUS, 6
0x016C	0x019F      	CLRF       ADCON0
;__Lib_ADC_A_C.c,48 :: 		
0x016D	0x30C0      	MOVLW      192
0x016E	0x049F      	IORWF      ADCON0, 1
;__Lib_ADC_A_C.c,49 :: 		
0x016F	0x1683      	BSF        STATUS, 5
0x0170	0x171F      	BSF        ADCON1, 6
;__Lib_ADC_A_C.c,50 :: 		
0x0171	0x179F      	BSF        ADCON1, 7
;__Lib_ADC_A_C.c,51 :: 		
0x0172	0x1283      	BCF        STATUS, 5
0x0173	0x082A      	MOVF       FARG_ADC_Read_channel, 0
0x0174	0x00F0      	MOVWF      R0
0x0175	0x0DF0      	RLF        R0, 1
0x0176	0x1070      	BCF        R0, 0
0x0177	0x0DF0      	RLF        R0, 1
0x0178	0x1070      	BCF        R0, 0
0x0179	0x0DF0      	RLF        R0, 1
0x017A	0x1070      	BCF        R0, 0
0x017B	0x0870      	MOVF       R0, 0
0x017C	0x049F      	IORWF      ADCON0, 1
;__Lib_ADC_A_C.c,54 :: 		
0x017D	0x141F      	BSF        ADCON0, 0
;__Lib_ADC_A_C.c,57 :: 		
0x017E	0x2087      	CALL       _Delay_22us
;__Lib_ADC_A_C.c,60 :: 		
0x017F	0x151F      	BSF        ADCON0, 2
;__Lib_ADC_A_C.c,63 :: 		
L_ADC_Read2:
0x0180	0x1D1F      	BTFSS      ADCON0, 2
0x0181	0x2984      	GOTO       L_ADC_Read3
;__Lib_ADC_A_C.c,64 :: 		
0x0182	0x0000      	NOP
0x0183	0x2980      	GOTO       L_ADC_Read2
L_ADC_Read3:
;__Lib_ADC_A_C.c,67 :: 		
0x0184	0x101F      	BCF        ADCON0, 0
;__Lib_ADC_A_C.c,70 :: 		
0x0185	0x081E      	MOVF       ADRESH, 0
0x0186	0x00F1      	MOVWF      R0+1
0x0187	0x01F0      	CLRF       R0
0x0188	0x1683      	BSF        STATUS, 5
0x0189	0x081E      	MOVF       ADRESL, 0
0x018A	0x04F0      	IORWF      R0, 1
0x018B	0x3000      	MOVLW      0
0x018C	0x04F1      	IORWF      R0+1, 1
;__Lib_ADC_A_C.c,71 :: 		
L_end_ADC_Read:
0x018D	0x0008      	RETURN
; end of _ADC_Read
_Compare_Double:
;__Lib_MathDouble.c,2053 :: 		
;__Lib_MathDouble.c,2062 :: 		
;__Lib_MathDouble.c,2064 :: 		
0x018E	0x1283      	BCF        STATUS, 5
;__Lib_MathDouble.c,2065 :: 		
0x018F	0x1303      	BCF        STATUS, 6
;__Lib_MathDouble.c,2067 :: 		
0x0190	0x01FA      	CLRF       R10
;__Lib_MathDouble.c,2068 :: 		
0x0191	0x0873      	MOVF       R3, 0
;__Lib_MathDouble.c,2069 :: 		
0x0192	0x1D03      	BTFSS      STATUS, 2
;__Lib_MathDouble.c,2070 :: 		
0x0193	0x147A      	BSF        R10, 0
;__Lib_MathDouble.c,2071 :: 		
0x0194	0x0877      	MOVF       R7, 0
;__Lib_MathDouble.c,2072 :: 		
0x0195	0x1D03      	BTFSS      STATUS, 2
;__Lib_MathDouble.c,2073 :: 		
0x0196	0x14FA      	BSF        R10, 1
;__Lib_MathDouble.c,2075 :: 		
0x0197	0x087A      	MOVF       R10, 0
;__Lib_MathDouble.c,2076 :: 		
0x0198	0x1903      	BTFSC      STATUS, 2
;__Lib_MathDouble.c,2077 :: 		
0x0199	0x29DA      	GOTO       COMPARE_EQU
;__Lib_MathDouble.c,2078 :: 		
0x019A	0x3A03      	XORLW      3
;__Lib_MathDouble.c,2079 :: 		
0x019B	0x1903      	BTFSC      STATUS, 2
;__Lib_MathDouble.c,2080 :: 		
0x019C	0x29A5      	GOTO       COMPARE_NOTZERO
;__Lib_MathDouble.c,2082 :: 		
0x019D	0x187A      	BTFSC      R10, 0
;__Lib_MathDouble.c,2083 :: 		
0x019E	0x29A2      	GOTO       COMPARE_XNOTZERO
;__Lib_MathDouble.c,2085 :: 		
0x019F	0x1FF6      	BTFSS      R6, 7
;__Lib_MathDouble.c,2086 :: 		
0x01A0	0x29D8      	GOTO       COMPARE_LT
;__Lib_MathDouble.c,2087 :: 		
0x01A1	0x29D6      	GOTO       COMPARE_GT
;__Lib_MathDouble.c,2088 :: 		
COMPARE_XNOTZERO:
;__Lib_MathDouble.c,2089 :: 		
0x01A2	0x1FF2      	BTFSS      R2, 7
;__Lib_MathDouble.c,2090 :: 		
0x01A3	0x29D6      	GOTO       COMPARE_GT
;__Lib_MathDouble.c,2091 :: 		
0x01A4	0x29D8      	GOTO       COMPARE_LT
;__Lib_MathDouble.c,2093 :: 		
COMPARE_NOTZERO:
;__Lib_MathDouble.c,2094 :: 		
0x01A5	0x0872      	MOVF       R2, 0
;__Lib_MathDouble.c,2095 :: 		
0x01A6	0x3980      	ANDLW      128
;__Lib_MathDouble.c,2096 :: 		
0x01A7	0x00FA      	MOVWF      R10
;__Lib_MathDouble.c,2097 :: 		
0x01A8	0x13F2      	BCF        R2, 7
;__Lib_MathDouble.c,2099 :: 		
0x01A9	0x0876      	MOVF       R6, 0
;__Lib_MathDouble.c,2100 :: 		
0x01AA	0x3980      	ANDLW      128
;__Lib_MathDouble.c,2101 :: 		
0x01AB	0x13F6      	BCF        R6, 7
;__Lib_MathDouble.c,2103 :: 		
0x01AC	0x067A      	XORWF      R10, 0
;__Lib_MathDouble.c,2104 :: 		
0x01AD	0x1903      	BTFSC      STATUS, 2
;__Lib_MathDouble.c,2105 :: 		
0x01AE	0x29B3      	GOTO       COMPARE_TESTALL
;__Lib_MathDouble.c,2107 :: 		
0x01AF	0x087A      	MOVF       R10, 0
;__Lib_MathDouble.c,2108 :: 		
0x01B0	0x1903      	BTFSC      STATUS, 2
;__Lib_MathDouble.c,2109 :: 		
0x01B1	0x29D6      	GOTO       COMPARE_GT
;__Lib_MathDouble.c,2110 :: 		
0x01B2	0x29D8      	GOTO       COMPARE_LT
;__Lib_MathDouble.c,2112 :: 		
COMPARE_TESTALL:
;__Lib_MathDouble.c,2113 :: 		
0x01B3	0x0877      	MOVF       R7, 0
;__Lib_MathDouble.c,2114 :: 		
0x01B4	0x0273      	SUBWF      R3, 0
;__Lib_MathDouble.c,2115 :: 		
0x01B5	0x1903      	BTFSC      STATUS, 2
;__Lib_MathDouble.c,2116 :: 		
0x01B6	0x29BA      	GOTO       COMPARE_C1
;__Lib_MathDouble.c,2117 :: 		
0x01B7	0x1C03      	BTFSS      STATUS, 0
;__Lib_MathDouble.c,2118 :: 		
0x01B8	0x29CE      	GOTO       GT_FALSE
;__Lib_MathDouble.c,2119 :: 		
0x01B9	0x29D2      	GOTO       GT_TRUE
;__Lib_MathDouble.c,2120 :: 		
COMPARE_C1:
;__Lib_MathDouble.c,2121 :: 		
0x01BA	0x0876      	MOVF       R6, 0
;__Lib_MathDouble.c,2122 :: 		
0x01BB	0x0272      	SUBWF      R2, 0
;__Lib_MathDouble.c,2123 :: 		
0x01BC	0x1903      	BTFSC      STATUS, 2
;__Lib_MathDouble.c,2124 :: 		
0x01BD	0x29C1      	GOTO       COMPARE_C2
;__Lib_MathDouble.c,2125 :: 		
0x01BE	0x1C03      	BTFSS      STATUS, 0
;__Lib_MathDouble.c,2126 :: 		
0x01BF	0x29CE      	GOTO       GT_FALSE
;__Lib_MathDouble.c,2127 :: 		
0x01C0	0x29D2      	GOTO       GT_TRUE
;__Lib_MathDouble.c,2128 :: 		
COMPARE_C2:
;__Lib_MathDouble.c,2129 :: 		
0x01C1	0x0875      	MOVF       R5, 0
;__Lib_MathDouble.c,2130 :: 		
0x01C2	0x0271      	SUBWF      R1, 0
;__Lib_MathDouble.c,2131 :: 		
0x01C3	0x1903      	BTFSC      STATUS, 2
;__Lib_MathDouble.c,2132 :: 		
0x01C4	0x29C8      	GOTO       COMPARE_C3
;__Lib_MathDouble.c,2133 :: 		
0x01C5	0x1C03      	BTFSS      STATUS, 0
;__Lib_MathDouble.c,2134 :: 		
0x01C6	0x29CE      	GOTO       GT_FALSE
;__Lib_MathDouble.c,2135 :: 		
0x01C7	0x29D2      	GOTO       GT_TRUE
;__Lib_MathDouble.c,2136 :: 		
COMPARE_C3:
;__Lib_MathDouble.c,2137 :: 		
0x01C8	0x0874      	MOVF       R4, 0
;__Lib_MathDouble.c,2138 :: 		
0x01C9	0x0270      	SUBWF      R0, 0
;__Lib_MathDouble.c,2139 :: 		
0x01CA	0x1903      	BTFSC      STATUS, 2
;__Lib_MathDouble.c,2140 :: 		
0x01CB	0x29DA      	GOTO       COMPARE_EQU
;__Lib_MathDouble.c,2141 :: 		
0x01CC	0x1803      	BTFSC      STATUS, 0
;__Lib_MathDouble.c,2142 :: 		
0x01CD	0x29D2      	GOTO       GT_TRUE
;__Lib_MathDouble.c,2144 :: 		
GT_FALSE:
;__Lib_MathDouble.c,2145 :: 		
0x01CE	0x08FA      	MOVF       R10, 1
;__Lib_MathDouble.c,2146 :: 		
0x01CF	0x1903      	BTFSC      STATUS, 2
;__Lib_MathDouble.c,2147 :: 		
0x01D0	0x29D8      	GOTO       COMPARE_LT
;__Lib_MathDouble.c,2148 :: 		
0x01D1	0x29D6      	GOTO       COMPARE_GT
;__Lib_MathDouble.c,2149 :: 		
GT_TRUE:
;__Lib_MathDouble.c,2150 :: 		
0x01D2	0x08FA      	MOVF       R10, 1
;__Lib_MathDouble.c,2151 :: 		
0x01D3	0x1903      	BTFSC      STATUS, 2
;__Lib_MathDouble.c,2152 :: 		
0x01D4	0x29D6      	GOTO       COMPARE_GT
;__Lib_MathDouble.c,2153 :: 		
0x01D5	0x29D8      	GOTO       COMPARE_LT
;__Lib_MathDouble.c,2155 :: 		
COMPARE_GT:
;__Lib_MathDouble.c,2158 :: 		
0x01D6	0x1403      	BSF        STATUS, 0
;__Lib_MathDouble.c,2159 :: 		
0x01D7	0x0008      	RETURN
;__Lib_MathDouble.c,2160 :: 		
COMPARE_LT:
;__Lib_MathDouble.c,2163 :: 		
0x01D8	0x1003      	BCF        STATUS, 0
;__Lib_MathDouble.c,2164 :: 		
0x01D9	0x0008      	RETURN
;__Lib_MathDouble.c,2165 :: 		
COMPARE_EQU:
;__Lib_MathDouble.c,2168 :: 		
0x01DA	0x1403      	BSF        STATUS, 0
;__Lib_MathDouble.c,2169 :: 		
0x01DB	0x1503      	BSF        STATUS, 2
;__Lib_MathDouble.c,2170 :: 		
0x01DC	0x0008      	RETURN
;__Lib_MathDouble.c,2172 :: 		
L_end_Compare_Double:
0x01DD	0x0008      	RETURN
; end of _Compare_Double
_ADC_Init:
;__Lib_ADC_A_C.c,9 :: 		
;__Lib_ADC_A_C.c,10 :: 		
0x01DE	0x30FF      	MOVLW      _ADC_Get_Sample
0x01DF	0x1283      	BCF        STATUS, 5
0x01E0	0x1303      	BCF        STATUS, 6
0x01E1	0x00A3      	MOVWF      _ADC_Get_Sample_Ptr
0x01E2	0x30FF      	MOVLW      hi_addr(_ADC_Get_Sample)
0x01E3	0x00A4      	MOVWF      _ADC_Get_Sample_Ptr+1
0x01E4	0x30FF      	MOVLW      FARG_ADC_Get_Sample_channel
0x01E5	0x00A5      	MOVWF      _ADC_Get_Sample_Ptr+2
0x01E6	0x30FF      	MOVLW      hi_addr(FARG_ADC_Get_Sample_channel)
;__Lib_ADC_A_C.c,12 :: 		
0x01E7	0x019F      	CLRF       ADCON0
;__Lib_ADC_A_C.c,13 :: 		
0x01E8	0x30C0      	MOVLW      192
0x01E9	0x049F      	IORWF      ADCON0, 1
;__Lib_ADC_A_C.c,14 :: 		
0x01EA	0x1683      	BSF        STATUS, 5
0x01EB	0x171F      	BSF        ADCON1, 6
;__Lib_ADC_A_C.c,15 :: 		
0x01EC	0x179F      	BSF        ADCON1, 7
;__Lib_ADC_A_C.c,18 :: 		
0x01ED	0x1283      	BCF        STATUS, 5
0x01EE	0x141F      	BSF        ADCON0, 0
;__Lib_ADC_A_C.c,19 :: 		
L_end_ADC_Init:
0x01EF	0x0008      	RETURN
; end of _ADC_Init
_main:
;lpf.c,7 :: 		void main() {
;lpf.c,9 :: 		double y0=0;
;lpf.c,10 :: 		double y1=0;
;lpf.c,12 :: 		double x0=0;
;lpf.c,13 :: 		double x1=0;
;lpf.c,15 :: 		ADC_Init();
0x01F0	0x21DE      	CALL       _ADC_Init
;lpf.c,19 :: 		TRISC  = 0;
0x01F1	0x1683      	BSF        STATUS, 5
0x01F2	0x0187      	CLRF       TRISC
;lpf.c,20 :: 		TRISB  = 0;
0x01F3	0x0186      	CLRF       TRISB
;lpf.c,22 :: 		for( i=0;i<1000;i=i+0.00005){
0x01F4	0x1283      	BCF        STATUS, 5
0x01F5	0x01A6      	CLRF       main_i_L0
0x01F6	0x01A7      	CLRF       main_i_L0+1
0x01F7	0x01A8      	CLRF       main_i_L0+2
0x01F8	0x01A9      	CLRF       main_i_L0+3
L_main0:
0x01F9	0x3000      	MOVLW      0
0x01FA	0x00F4      	MOVWF      R4
0x01FB	0x3000      	MOVLW      0
0x01FC	0x00F5      	MOVWF      R4+1
0x01FD	0x307A      	MOVLW      122
0x01FE	0x00F6      	MOVWF      R4+2
0x01FF	0x3088      	MOVLW      136
0x0200	0x00F7      	MOVWF      R4+3
0x0201	0x0826      	MOVF       main_i_L0, 0
0x0202	0x00F0      	MOVWF      R0
0x0203	0x0827      	MOVF       main_i_L0+1, 0
0x0204	0x00F1      	MOVWF      R0+1
0x0205	0x0828      	MOVF       main_i_L0+2, 0
0x0206	0x00F2      	MOVWF      R0+2
0x0207	0x0829      	MOVF       main_i_L0+3, 0
0x0208	0x00F3      	MOVWF      R0+3
0x0209	0x218E      	CALL       _Compare_Double
0x020A	0x3001      	MOVLW      1
0x020B	0x1803      	BTFSC      STATUS, 0
0x020C	0x3000      	MOVLW      0
0x020D	0x00F0      	MOVWF      R0
0x020E	0x0870      	MOVF       R0, 0
0x020F	0x1903      	BTFSC      STATUS, 2
0x0210	0x2A2F      	GOTO       L_main1
;lpf.c,23 :: 		x0 =(double) ADC_Read(1);
0x0211	0x3001      	MOVLW      1
0x0212	0x00AA      	MOVWF      FARG_ADC_Read_channel
0x0213	0x216A      	CALL       _ADC_Read
;lpf.c,22 :: 		for( i=0;i<1000;i=i+0.00005){
0x0214	0x1283      	BCF        STATUS, 5
0x0215	0x0826      	MOVF       main_i_L0, 0
0x0216	0x00F0      	MOVWF      R0
0x0217	0x0827      	MOVF       main_i_L0+1, 0
0x0218	0x00F1      	MOVWF      R0+1
0x0219	0x0828      	MOVF       main_i_L0+2, 0
0x021A	0x00F2      	MOVWF      R0+2
0x021B	0x0829      	MOVF       main_i_L0+3, 0
0x021C	0x00F3      	MOVWF      R0+3
0x021D	0x3017      	MOVLW      23
0x021E	0x00F4      	MOVWF      R4
0x021F	0x30B7      	MOVLW      183
0x0220	0x00F5      	MOVWF      R4+1
0x0221	0x3051      	MOVLW      81
0x0222	0x00F6      	MOVWF      R4+2
0x0223	0x3070      	MOVLW      112
0x0224	0x00F7      	MOVWF      R4+3
0x0225	0x20CA      	CALL       _Add_32x32_FP
0x0226	0x0870      	MOVF       R0, 0
0x0227	0x00A6      	MOVWF      main_i_L0
0x0228	0x0871      	MOVF       R0+1, 0
0x0229	0x00A7      	MOVWF      main_i_L0+1
0x022A	0x0872      	MOVF       R0+2, 0
0x022B	0x00A8      	MOVWF      main_i_L0+2
0x022C	0x0873      	MOVF       R0+3, 0
0x022D	0x00A9      	MOVWF      main_i_L0+3
;lpf.c,32 :: 		}
0x022E	0x29F9      	GOTO       L_main0
L_main1:
;lpf.c,35 :: 		}
L_end_main:
0x022F	0x2A2F      	GOTO       $+0
; end of _main
Symbol List:
//** Routines locations **
//ADDRESS    SIZE    PROCEDURE
//----------------------------------------------
0x0003      [12]    _SETFUN32
0x000F       [7]    _RES032
0x0016      [12]    _SETFOV32
0x0022       [4]    _FIXSIGN32
0x0026       [7]    _____DoICP
0x002D      [90]    _NRM4032
0x0087       [8]    _Delay_22us
0x008F      [47]    _NRM3232
0x00BE      [12]    ___CC2DW
0x00CA     [160]    _Add_32x32_FP
0x016A      [36]    _ADC_Read
0x018E      [80]    _Compare_Double
0x01DE      [18]    _ADC_Init
0x01F0      [64]    _main
//** Variables locations ** 
//ADDRESS    SIZE    VARIABLE
//----------------------------------------------
0x0000       [1]    INDF
0x0002       [1]    PCL
0x0003       [1]    STATUS
0x0004       [1]    FSR
0x000A       [1]    PCLATH
0x001E       [1]    ADRESH
0x001F       [1]    ADCON0
0x0020       [1]    __math_tempbD
0x0021       [2]    ___DoICPAddr
0x0023       [3]    _ADC_Get_Sample_Ptr
0x0026       [4]    main_i_L0
0x002A       [1]    FARG_ADC_Read_channel
0x0070       [1]    R0
0x0071       [1]    R1
0x0072       [1]    R2
0x0073       [1]    R3
0x0074       [1]    R4
0x0075       [1]    R5
0x0076       [1]    R6
0x0077       [1]    R7
0x0078       [1]    R8
0x0079       [1]    R9
0x007A       [1]    R10
0x007B       [1]    R11
0x007C       [1]    R12
0x007D       [1]    R13
0x007E       [1]    R14
0x007F       [1]    R15
0x0086       [1]    TRISB
0x0087       [1]    TRISC
0x009E       [1]    ADRESL
0x009F       [1]    ADCON1
//** Label List: ** 
//----------------------------------------------
  L_main0
  L_main1
  L_main2
  L_end_main
  _main
  L_ADC_Get_Sample0
  L_ADC_Get_Sample1
  L_ADC_Read2
  L_ADC_Read3
  L_end_ADC_Init
  _ADC_Init
  L_end_ADC_Get_Sample
  _ADC_Get_Sample
  L_end_ADC_Read
  _ADC_Read
  L_Delay_10us0
  L_Delay_22us1
  L_Delay_50us2
  L_Delay_80us3
  L_Delay_500us4
  L_Delay_5500us5
  L_Delay_1ms6
  L_Delay_5ms7
  L_Delay_8ms8
  L_Delay_10ms9
  L_Delay_100ms10
  L_Delay_1sec11
  L_boot16_Delay_5ms12
  L_Delay_Cyc13
  L_Delay_Cyc14
  L_VDelay_ms15
  L_VDelay_ms16
  L_VDelay_ms17
  L_VDelay_Advanced_ms18
  L_VDelay_Advanced_ms19
  L_VDelay_Advanced_ms20
  L_end_Get_Fosc_kHz
  _Get_Fosc_kHz
  L_end_Delay_1us
  _Delay_1us
  L_end_Delay_10us
  _Delay_10us
  L_end_Delay_22us
  _Delay_22us
  L_end_Delay_50us
  _Delay_50us
  L_end_Delay_80us
  _Delay_80us
  L_end_Delay_500us
  _Delay_500us
  L_end_Delay_5500us
  _Delay_5500us
  L_end_Delay_1ms
  _Delay_1ms
  L_end_Delay_5ms
  _Delay_5ms
  L_end_Delay_8ms
  _Delay_8ms
  L_end_Delay_10ms
  _Delay_10ms
  L_end_Delay_100ms
  _Delay_100ms
  L_end_Delay_1sec
  _Delay_1sec
  L_end_boot16_Delay_5ms
  _boot16_Delay_5ms
  L_end_Delay_Cyc
  _Delay_Cyc
  L_end_VDelay_ms
  _VDelay_ms
  L__VDelay_ms38
  L__VDelay_ms39
  L__VDelay_ms40
  L_end_VDelay_Advanced_ms
  _VDelay_Advanced_ms
  L__VDelay_Advanced_ms42
  L__VDelay_Advanced_ms43
  L__VDelay_Advanced_ms44
  SETFOV32EEE
  SETFUN32EEE
  NORM3232
  JPNRES032
  JPNSETFUN32
  NORM3232A
  JMPNFIXSIGN32
  NORM32EEE
  NRMRND4032
  NRM4032
  JMPSETFOV32
  NORM4032
  JMPRES032
  JMPSETFUN32
  NORM4032A
  JMPFIXSIGN32
  NRM4032EEE
  USEA32
  JMPEEE
  ALIGNED32
  ALIGNB32
  ALOOPB32
  AOK32
  ACOMP32
  JMPNRMRND4032
  ADD_JMPSETFOV32
  JMPNRM4032
  JMPNRM32
  ADD32EEE
  FPM32
  JPMRES032
  M32BNE0
  MTUN32
  JPMSETFOV32
  MOK32
  JPMSETFUN32
  MLOOP32
  MNOADD32
  MADD32
  MROUND32
  MUL32OK
  MUL32EEE
  L_Div_32x32_FP7
  L_Div_32x32_FP8
  L_Div_32x32_FP9
  L_Div_32x32_FP10
  FPD32
  JPDSETFDZ32
  JPDRES032
  D32BNE0
  TALIGN32
  TS1ALIGN32
  TS2ALIGN32
  DALIGN32OK
  ALTB32
  AGEB32
  JPDSETFOV32
  DARGOK32
  JPDSETFUN32
  DLOOP32
  DS132
  DS232
  DREST32
  DOK32
  DAREST32
  DROUND32
  DIV32OK
  DIV32EEE
  SETIOV3224EEE
  INT3232U
  INT3232UEOK
  SETEXP32U
  SETIOV32U
  TSHIFT3232U
  SHIFT3232UOK
  SHIFT3232U
  INT3232UOK
  JPLSETIOV3224
  IRES032U
  INT3232UEER
  INT3232UEEE
  L_Double2Longword_0
  INT3232
  INT3232EOK
  SETIOV32
  TSHIFT3232
  SHIFT3232OK
  SHIFT3232
  INT3232OK
  JPISETIOV3224
  IRES032
  INT3232EER
  INT3232EEE
  L_Double2Longint_0
  INT3216
  IRES016
  SETIOV16
  TSHIFT3216
  SHIFT3216OK
  SHIFT3216
  INT3216OK
  JPJSETIOV3224
  INT3216EOK
  INT3216EER
  INT3216EEE
  L_Double2Int_0
  INT3216U
  IRES016U
  SETEXP16U
  SETIOV16U
  TSHIFT3216U
  SHIFT3216UOK
  SHIFT3216U
  INT3216UOK
  JPKSETIOV3224
  INT3216UEOK
  INT3216UEER
  INT3216UEEE
  L_Double2Word_0
  INT32U08
  IRES008
  SETEXP08
  SETIOV08
  TSHIFT3208
  SHIFT3208OK
  SHIFT3208
  INT3208OK
  D2B_JPKSETIOV3224
  INT3208EOK
  INT3208EER
  INT3208EEE
  L_Double2Byte_0
  FLO08U32
  FLO1632
  FLO1632EEE
  FLO16U32
  FLO3232
  FLO3232EEE
  FLO32U32
  EQU_FALSE
  COMPARE_EQU
  COMPARE_NOTZERO
  COMPARE_XNOTZERO
  COMPARE_YNOTZERO
  COMPARE_LT
  COMPARE_GT
  COMPARE_TESTALL
  COMPARE_C1
  GT_FALSE
  GT_TRUE
  COMPARE_C2
  COMPARE_C3
  L_end_SETFOV32
  _SETFOV32
  L_end_SETFDZ32
  _SETFDZ32
  L_end_FIXSIGN32
  _FIXSIGN32
  L_end_RES032
  _RES032
  L_end_SETFUN32
  _SETFUN32
  L_end_NRM3232
  _NRM3232
  L_end_NRM4032
  _NRM4032
  L_end_Add_32x32_FP
  _Add_32x32_FP
  L_end_Sub_32x32_FP
  _Sub_32x32_FP
  L_end_Mul_32x32_FP
  _Mul_32x32_FP
  L_end_Div_32x32_FP
  _Div_32x32_FP
  L_end_SETIOV3224
  _SETIOV3224
  L_end_double2longword
  _double2longword
  L_end_double2longint
  _double2longint
  L_end_double2int
  _double2int
  L_end_double2word
  _double2word
  L_end_double2byte
  _double2byte
  L_end_byte2double
  _byte2double
  L_end_int2double
  _int2double
  L_end_word2double
  _word2double
  L_end_longint2double
  _longint2double
  L_end_longword2double
  _longword2double
  L_end_Equals_Double
  _Equals_Double
  L_end_Compare_Double
  _Compare_Double
  L_loopCA2AWs
  L_CA2AWend
  _CCA2AW_Loop1
  L_loopCS2Ss
  L_CS2Send
  _CCS2S_Loop1
  L_CCS2Send
  L_loopFZinSWs
  L_FZinSend
  _CC2D_Loop1
  L_end_____DoICP
  _____DoICP
  L_end_____DoIFC
  _____DoIFC
  L_end___CA2AW
  ___CA2AW
  L_end___CCA2AW
  ___CCA2AW
  L_end___CS2S
  ___CS2S
  L_end___CCS2S
  ___CCS2S
  L_end___FZinS
  ___FZinS
  L_end___CC2DW
  ___CC2DW
  L_end_Swap
  _Swap
